<?xml version="1.0" encoding="UTF-8"?>
<!-- Generated by org.testng.reporters.JUnitXMLReporter -->
<testsuite ignored="1" hostname="VNCP-Lap" failures="0" tests="1" name="Smoke Test" time="9.335" errors="0" timestamp="2022-12-13T10:18:22 GMT">
  <testcase classname="com.orangehrmlive.testsuite.LoginPageTest" name="userShouldNavigateToForgotPasswordPageSuccessfully" time="1.086"/>
  <testcase classname="com.orangehrmlive.testsuite.LoginPageTest" name="userShouldLoginSuccessfullyWithValidCredentials" time="0.0">
    <ignored/>
  </testcase> <!-- userShouldLoginSuccessfullyWithValidCredentials -->
</testsuite> <!-- Smoke Test -->
