<?xml version="1.0" encoding="UTF-8"?>
<!-- Generated by org.testng.reporters.JUnitXMLReporter -->
<testsuite ignored="1" hostname="VNCP-Lap" failures="0" tests="1" name="Sanity Test" time="10.755" errors="0" timestamp="2022-12-13T10:11:53 GMT">
  <testcase classname="com.orangehrmlive.testsuite.LoginPageTest" name="userShouldLoginSuccessfullyWithValidCredentials" time="2.097"/>
  <testcase classname="com.orangehrmlive.testsuite.LoginPageTest" name="userShouldNavigateToForgotPasswordPageSuccessfully" time="0.0">
    <ignored/>
  </testcase> <!-- userShouldNavigateToForgotPasswordPageSuccessfully -->
</testsuite> <!-- Sanity Test -->
