<?xml version="1.0" encoding="UTF-8"?>
<testng-results ignored="0" total="2" passed="2" failed="0" skipped="0">
  <reporter-output>
    <line>
      <![CDATA[enterUsername[[ChromeDriver: chrome on WINDOWS (86f1d77e9d1c28df846d0b92c3077b5d)] -> name: username]]]>
    </line>
    <line>
      <![CDATA[enterPassword[[ChromeDriver: chrome on WINDOWS (86f1d77e9d1c28df846d0b92c3077b5d)] -> name: password]]]>
    </line>
    <line>
      <![CDATA[clickOnLoginButton[[ChromeDriver: chrome on WINDOWS (86f1d77e9d1c28df846d0b92c3077b5d)] -> xpath: //button[@type='submit']]]]>
    </line>
    <line>
      <![CDATA[getDashboardText[[ChromeDriver: chrome on WINDOWS (86f1d77e9d1c28df846d0b92c3077b5d)] -> xpath: //h6[@class='oxd-text oxd-text--h6 oxd-topbar-header-breadcrumb-module']]]]>
    </line>
    <line>
      <![CDATA[Click to see screenshot]]>
    </line>
    <line>
      <![CDATA[<a target = "_blank" href=C:\Users\Nimisha\Week15-project2-com-orangehrmlive-page-factory_NimishaPatel/test-output/html/userShouldLoginSuccessfullyWithValidCredentialsTue_Dec_13_10_20_38_GMT_2022.jpg>Screenshot</a>]]>
    </line>
    <line>
      <![CDATA[<br>]]>
    </line>
    <line>
      <![CDATA[Click to see screenshot]]>
    </line>
    <line>
      <![CDATA[<a target = "_blank" href=C:\Users\Nimisha\Week15-project2-com-orangehrmlive-page-factory_NimishaPatel/test-output/html/userShouldLoginSuccessfullyWithValidCredentialsTue_Dec_13_10_20_39_GMT_2022.jpg>Screenshot</a>]]>
    </line>
    <line>
      <![CDATA[<br>]]>
    </line>
    <line>
      <![CDATA[clickOnForgotPassword[[ChromeDriver: chrome on WINDOWS (c16a08b18d4492e0e28779f56a368e90)] -> xpath: //p[@class = 'oxd-text oxd-text--p orangehrm-login-forgot-header']]]]>
    </line>
    <line>
      <![CDATA[getResetPasswordText[[ChromeDriver: chrome on WINDOWS (c16a08b18d4492e0e28779f56a368e90)] -> xpath: //h6[@class = 'oxd-text oxd-text--h6 orangehrm-forgot-password-title']]]]>
    </line>
    <line>
      <![CDATA[Click to see screenshot]]>
    </line>
    <line>
      <![CDATA[<a target = "_blank" href=C:\Users\Nimisha\Week15-project2-com-orangehrmlive-page-factory_NimishaPatel/test-output/html/userShouldNavigateToForgotPasswordPageSuccessfullyTue_Dec_13_10_20_45_GMT_2022.jpg>Screenshot</a>]]>
    </line>
    <line>
      <![CDATA[<br>]]>
    </line>
    <line>
      <![CDATA[Click to see screenshot]]>
    </line>
    <line>
      <![CDATA[<a target = "_blank" href=C:\Users\Nimisha\Week15-project2-com-orangehrmlive-page-factory_NimishaPatel/test-output/html/userShouldNavigateToForgotPasswordPageSuccessfullyTue_Dec_13_10_20_46_GMT_2022.jpg>Screenshot</a>]]>
    </line>
    <line>
      <![CDATA[<br>]]>
    </line>
  </reporter-output>
  <suite started-at="2022-12-13T10:20:29 GMT" name="Testsuite" finished-at="2022-12-13T10:20:47 GMT" duration-ms="17741">
    <groups>
      <group name="regression">
        <method signature="LoginPageTest.userShouldLoginSuccessfullyWithValidCredentials()[pri:0, instance:com.orangehrmlive.testsuite.LoginPageTest@614ca7df]" name="userShouldLoginSuccessfullyWithValidCredentials" class="com.orangehrmlive.testsuite.LoginPageTest"/>
        <method signature="LoginPageTest.userShouldNavigateToForgotPasswordPageSuccessfully()[pri:0, instance:com.orangehrmlive.testsuite.LoginPageTest@614ca7df]" name="userShouldNavigateToForgotPasswordPageSuccessfully" class="com.orangehrmlive.testsuite.LoginPageTest"/>
      </group> <!-- regression -->
      <group name="smoke">
        <method signature="LoginPageTest.userShouldNavigateToForgotPasswordPageSuccessfully()[pri:0, instance:com.orangehrmlive.testsuite.LoginPageTest@614ca7df]" name="userShouldNavigateToForgotPasswordPageSuccessfully" class="com.orangehrmlive.testsuite.LoginPageTest"/>
      </group> <!-- smoke -->
      <group name="sanity">
        <method signature="LoginPageTest.userShouldLoginSuccessfullyWithValidCredentials()[pri:0, instance:com.orangehrmlive.testsuite.LoginPageTest@614ca7df]" name="userShouldLoginSuccessfullyWithValidCredentials" class="com.orangehrmlive.testsuite.LoginPageTest"/>
      </group> <!-- sanity -->
    </groups>
    <test started-at="2022-12-13T10:20:29 GMT" name="Login Test" finished-at="2022-12-13T10:20:47 GMT" duration-ms="17741">
      <class name="com.orangehrmlive.testsuite.LoginPageTest">
        <test-method is-config="true" signature="setUp()[pri:0, instance:com.orangehrmlive.testsuite.LoginPageTest@614ca7df]" started-at="2022-12-13T10:20:29 GMT" name="setUp" finished-at="2022-12-13T10:20:36 GMT" duration-ms="6199" status="PASS">
          <reporter-output>
          </reporter-output>
        </test-method> <!-- setUp -->
        <test-method is-config="true" signature="inIt()[pri:0, instance:com.orangehrmlive.testsuite.LoginPageTest@614ca7df]" started-at="2022-12-13T10:20:36 GMT" name="inIt" finished-at="2022-12-13T10:20:36 GMT" duration-ms="51" status="PASS">
          <reporter-output>
          </reporter-output>
        </test-method> <!-- inIt -->
        <test-method signature="userShouldLoginSuccessfullyWithValidCredentials()[pri:0, instance:com.orangehrmlive.testsuite.LoginPageTest@614ca7df]" started-at="2022-12-13T10:20:36 GMT" name="userShouldLoginSuccessfullyWithValidCredentials" finished-at="2022-12-13T10:20:38 GMT" duration-ms="2269" status="PASS">
          <reporter-output>
            <line>
              <![CDATA[enterUsername[[ChromeDriver: chrome on WINDOWS (86f1d77e9d1c28df846d0b92c3077b5d)] -> name: username]]]>
            </line>
            <line>
              <![CDATA[enterPassword[[ChromeDriver: chrome on WINDOWS (86f1d77e9d1c28df846d0b92c3077b5d)] -> name: password]]]>
            </line>
            <line>
              <![CDATA[clickOnLoginButton[[ChromeDriver: chrome on WINDOWS (86f1d77e9d1c28df846d0b92c3077b5d)] -> xpath: //button[@type='submit']]]]>
            </line>
            <line>
              <![CDATA[getDashboardText[[ChromeDriver: chrome on WINDOWS (86f1d77e9d1c28df846d0b92c3077b5d)] -> xpath: //h6[@class='oxd-text oxd-text--h6 oxd-topbar-header-breadcrumb-module']]]]>
            </line>
            <line>
              <![CDATA[Click to see screenshot]]>
            </line>
            <line>
              <![CDATA[<a target = "_blank" href=C:\Users\Nimisha\Week15-project2-com-orangehrmlive-page-factory_NimishaPatel/test-output/html/userShouldLoginSuccessfullyWithValidCredentialsTue_Dec_13_10_20_38_GMT_2022.jpg>Screenshot</a>]]>
            </line>
            <line>
              <![CDATA[<br>]]>
            </line>
            <line>
              <![CDATA[Click to see screenshot]]>
            </line>
            <line>
              <![CDATA[<a target = "_blank" href=C:\Users\Nimisha\Week15-project2-com-orangehrmlive-page-factory_NimishaPatel/test-output/html/userShouldLoginSuccessfullyWithValidCredentialsTue_Dec_13_10_20_39_GMT_2022.jpg>Screenshot</a>]]>
            </line>
            <line>
              <![CDATA[<br>]]>
            </line>
          </reporter-output>
        </test-method> <!-- userShouldLoginSuccessfullyWithValidCredentials -->
        <test-method is-config="true" signature="tearDown()[pri:0, instance:com.orangehrmlive.testsuite.LoginPageTest@614ca7df]" started-at="2022-12-13T10:20:39 GMT" name="tearDown" finished-at="2022-12-13T10:20:40 GMT" duration-ms="846" status="PASS">
          <reporter-output>
          </reporter-output>
        </test-method> <!-- tearDown -->
        <test-method is-config="true" signature="setUp()[pri:0, instance:com.orangehrmlive.testsuite.LoginPageTest@614ca7df]" started-at="2022-12-13T10:20:40 GMT" name="setUp" finished-at="2022-12-13T10:20:44 GMT" duration-ms="4082" status="PASS">
          <reporter-output>
          </reporter-output>
        </test-method> <!-- setUp -->
        <test-method is-config="true" signature="inIt()[pri:0, instance:com.orangehrmlive.testsuite.LoginPageTest@614ca7df]" started-at="2022-12-13T10:20:44 GMT" name="inIt" finished-at="2022-12-13T10:20:44 GMT" duration-ms="1" status="PASS">
          <reporter-output>
          </reporter-output>
        </test-method> <!-- inIt -->
        <test-method signature="userShouldNavigateToForgotPasswordPageSuccessfully()[pri:0, instance:com.orangehrmlive.testsuite.LoginPageTest@614ca7df]" started-at="2022-12-13T10:20:44 GMT" name="userShouldNavigateToForgotPasswordPageSuccessfully" finished-at="2022-12-13T10:20:45 GMT" duration-ms="1259" status="PASS">
          <reporter-output>
            <line>
              <![CDATA[clickOnForgotPassword[[ChromeDriver: chrome on WINDOWS (c16a08b18d4492e0e28779f56a368e90)] -> xpath: //p[@class = 'oxd-text oxd-text--p orangehrm-login-forgot-header']]]]>
            </line>
            <line>
              <![CDATA[getResetPasswordText[[ChromeDriver: chrome on WINDOWS (c16a08b18d4492e0e28779f56a368e90)] -> xpath: //h6[@class = 'oxd-text oxd-text--h6 orangehrm-forgot-password-title']]]]>
            </line>
            <line>
              <![CDATA[Click to see screenshot]]>
            </line>
            <line>
              <![CDATA[<a target = "_blank" href=C:\Users\Nimisha\Week15-project2-com-orangehrmlive-page-factory_NimishaPatel/test-output/html/userShouldNavigateToForgotPasswordPageSuccessfullyTue_Dec_13_10_20_45_GMT_2022.jpg>Screenshot</a>]]>
            </line>
            <line>
              <![CDATA[<br>]]>
            </line>
            <line>
              <![CDATA[Click to see screenshot]]>
            </line>
            <line>
              <![CDATA[<a target = "_blank" href=C:\Users\Nimisha\Week15-project2-com-orangehrmlive-page-factory_NimishaPatel/test-output/html/userShouldNavigateToForgotPasswordPageSuccessfullyTue_Dec_13_10_20_46_GMT_2022.jpg>Screenshot</a>]]>
            </line>
            <line>
              <![CDATA[<br>]]>
            </line>
          </reporter-output>
        </test-method> <!-- userShouldNavigateToForgotPasswordPageSuccessfully -->
        <test-method is-config="true" signature="tearDown()[pri:0, instance:com.orangehrmlive.testsuite.LoginPageTest@614ca7df]" started-at="2022-12-13T10:20:46 GMT" name="tearDown" finished-at="2022-12-13T10:20:47 GMT" duration-ms="871" status="PASS">
          <reporter-output>
          </reporter-output>
        </test-method> <!-- tearDown -->
      </class> <!-- com.orangehrmlive.testsuite.LoginPageTest -->
    </test> <!-- Login Test -->
  </suite> <!-- Testsuite -->
</testng-results>
