<?xml version="1.0" encoding="UTF-8"?>
<!-- Generated by org.testng.reporters.JUnitXMLReporter -->
<testsuite ignored="0" hostname="VNCP-Lap" failures="0" tests="2" name="Login Test" time="17.741" errors="0" timestamp="2022-12-13T10:20:47 GMT">
  <testcase classname="com.orangehrmlive.testsuite.LoginPageTest" name="userShouldLoginSuccessfullyWithValidCredentials" time="2.269"/>
  <testcase classname="com.orangehrmlive.testsuite.LoginPageTest" name="userShouldNavigateToForgotPasswordPageSuccessfully" time="1.259"/>
</testsuite> <!-- Login Test -->
